<?xml version="1.0" encoding="UTF-8"?>
<testng-results skipped="0" failed="0" total="1" passed="1">
  <reporter-output>
  </reporter-output>
  <suite name="Surefire suite" duration-ms="78" started-at="2018-02-18T07:42:39Z" finished-at="2018-02-18T07:42:39Z">
    <groups>
    </groups>
    <test name="Surefire test" duration-ms="78" started-at="2018-02-18T07:42:39Z" finished-at="2018-02-18T07:42:39Z">
      <class name="com.scp.demo.AppTest">
        <test-method status="PASS" signature="testApp()[pri:0, instance:testApp(com.scp.demo.AppTest)]" name="testApp" duration-ms="0" started-at="2018-02-18T13:12:39Z" finished-at="2018-02-18T13:12:39Z">
          <reporter-output>
          </reporter-output>
        </test-method> <!-- testApp -->
      </class> <!-- com.scp.demo.AppTest -->
    </test> <!-- Surefire test -->
  </suite> <!-- Surefire suite -->
</testng-results>
