<?xml version="1.0" encoding="UTF-8"?>
<!-- Generated by org.testng.reporters.JUnitXMLReporter -->
<testsuite hostname="DESKTOP-0KDP1L5" name="GRP-smoke" tests="4" failures="0" timestamp="18 Feb 2018 07:23:23 GMT" time="0.109" errors="0">
  <testcase name="b1" time="0.031" classname="com.scp.demo.BTest"/>
  <testcase name="b3" time="0.0" classname="com.scp.demo.BTest"/>
  <testcase name="f1" time="0.016" classname="com.scp.demo.ATest"/>
  <testcase name="f3" time="0.015" classname="com.scp.demo.ATest"/>
</testsuite> <!-- GRP-smoke -->
