<?xml version="1.0" encoding="UTF-8"?>
<!-- Generated by org.testng.reporters.JUnitXMLReporter -->
<testsuite hostname="DESKTOP-0KDP1L5" name="GRP-sanity" tests="5" failures="0" timestamp="18 Feb 2018 07:24:07 GMT" time="0.094" errors="0">
  <testcase name="b3" time="0.016" classname="com.scp.demo.BTest"/>
  <testcase name="b4" time="0.015" classname="com.scp.demo.BTest"/>
  <testcase name="b5" time="0.0" classname="com.scp.demo.BTest"/>
  <testcase name="b8" time="0.0" classname="com.scp.demo.BTest"/>
  <testcase name="f4" time="0.016" classname="com.scp.demo.ATest"/>
</testsuite> <!-- GRP-sanity -->
