<?xml version="1.0" encoding="UTF-8"?>
<!-- Generated by org.testng.reporters.JUnitXMLReporter -->
<testsuite hostname="DESKTOP-0KDP1L5" name="Default test" tests="7" failures="0" timestamp="17 Feb 2018 07:12:15 GMT" time="173.928" errors="0">
  <testcase name="invalid_cretentials" time="24.594" classname="com.scp.demo.LoginTest"/>
  <testcase name="invalid_cretentials" time="22.548" classname="com.scp.demo.LoginTest"/>
  <testcase name="invalid_cretentials" time="21.283" classname="com.scp.demo.LoginTest"/>
  <testcase name="invalid_cretentials" time="24.238" classname="com.scp.demo.LoginTest"/>
  <testcase name="invalid_cretentials" time="27.296" classname="com.scp.demo.LoginTest"/>
  <testcase name="invalid_cretentials" time="26.357" classname="com.scp.demo.LoginTest"/>
  <testcase name="valid_cretentials" time="27.597" classname="com.scp.demo.LoginTest"/>
</testsuite> <!-- Default test -->
