<?xml version="1.0" encoding="UTF-8"?>
<!-- Generated by org.testng.reporters.JUnitXMLReporter -->
<testsuite hostname="DESKTOP-0KDP1L5" name="Surefire test" tests="4" failures="0" timestamp="18 Feb 2018 07:42:39 GMT" time="0.047" errors="0">
  <testcase name="f1" time="0.016" classname="com.scp.demo.ATest"/>
  <testcase name="f3" time="0.0" classname="com.scp.demo.ATest"/>
  <testcase name="b1" time="0.0" classname="com.scp.demo.BTest"/>
  <testcase name="b3" time="0.0" classname="com.scp.demo.BTest"/>
</testsuite> <!-- Surefire test -->
