<?xml version="1.0" encoding="UTF-8"?>
<testng-results skipped="0" failed="0" total="4" passed="4">
  <reporter-output>
  </reporter-output>
  <suite name="Surefire suite" duration-ms="47" started-at="2018-02-18T07:42:38Z" finished-at="2018-02-18T07:42:38Z">
    <groups>
      <group name="A">
        <method signature="ATest.f1()[pri:0, instance:com.scp.demo.ATest@6a2bcfcb]" name="f1" class="com.scp.demo.ATest"/>
        <method signature="ATest.f3()[pri:0, instance:com.scp.demo.ATest@6a2bcfcb]" name="f3" class="com.scp.demo.ATest"/>
      </group> <!-- A -->
      <group name="B">
        <method signature="BTest.b1()[pri:0, instance:com.scp.demo.BTest@7c0e2abd]" name="b1" class="com.scp.demo.BTest"/>
        <method signature="BTest.b3()[pri:0, instance:com.scp.demo.BTest@7c0e2abd]" name="b3" class="com.scp.demo.BTest"/>
      </group> <!-- B -->
      <group name="smoke">
        <method signature="ATest.f1()[pri:0, instance:com.scp.demo.ATest@6a2bcfcb]" name="f1" class="com.scp.demo.ATest"/>
        <method signature="ATest.f3()[pri:0, instance:com.scp.demo.ATest@6a2bcfcb]" name="f3" class="com.scp.demo.ATest"/>
        <method signature="BTest.b1()[pri:0, instance:com.scp.demo.BTest@7c0e2abd]" name="b1" class="com.scp.demo.BTest"/>
        <method signature="BTest.b3()[pri:0, instance:com.scp.demo.BTest@7c0e2abd]" name="b3" class="com.scp.demo.BTest"/>
      </group> <!-- smoke -->
      <group name="sanity">
        <method signature="BTest.b3()[pri:0, instance:com.scp.demo.BTest@7c0e2abd]" name="b3" class="com.scp.demo.BTest"/>
      </group> <!-- sanity -->
    </groups>
    <test name="Surefire test" duration-ms="47" started-at="2018-02-18T07:42:38Z" finished-at="2018-02-18T07:42:38Z">
      <class name="com.scp.demo.BTest">
        <test-method status="PASS" signature="b3()[pri:0, instance:com.scp.demo.BTest@7c0e2abd]" name="b3" duration-ms="0" started-at="2018-02-18T13:12:38Z" finished-at="2018-02-18T13:12:38Z">
          <reporter-output>
          </reporter-output>
        </test-method> <!-- b3 -->
        <test-method status="PASS" signature="b1()[pri:0, instance:com.scp.demo.BTest@7c0e2abd]" name="b1" duration-ms="0" started-at="2018-02-18T13:12:38Z" finished-at="2018-02-18T13:12:38Z">
          <reporter-output>
          </reporter-output>
        </test-method> <!-- b1 -->
      </class> <!-- com.scp.demo.BTest -->
      <class name="com.scp.demo.ATest">
        <test-method status="PASS" signature="f1()[pri:0, instance:com.scp.demo.ATest@6a2bcfcb]" name="f1" duration-ms="16" started-at="2018-02-18T13:12:38Z" finished-at="2018-02-18T13:12:38Z">
          <reporter-output>
          </reporter-output>
        </test-method> <!-- f1 -->
        <test-method status="PASS" signature="f3()[pri:0, instance:com.scp.demo.ATest@6a2bcfcb]" name="f3" duration-ms="0" started-at="2018-02-18T13:12:38Z" finished-at="2018-02-18T13:12:38Z">
          <reporter-output>
          </reporter-output>
        </test-method> <!-- f3 -->
      </class> <!-- com.scp.demo.ATest -->
    </test> <!-- Surefire test -->
  </suite> <!-- Surefire suite -->
</testng-results>
