<?xml version="1.0" encoding="UTF-8"?>
<testsuite xmlns:xsi="http://www.w3.org/2001/XMLSchema-instance" xsi:noNamespaceSchemaLocation="https://maven.apache.org/surefire/maven-surefire-plugin/xsd/surefire-test-report.xsd" name="TestSuite" time="1.516" tests="5" errors="0" skipped="0" failures="0">
  <properties>
[...]
</properties>
  <testcase name="f1" classname="com.scp.demo.ATest" time="0.016"/>
  <testcase name="f3" classname="com.scp.demo.ATest" time="0"/>
  <testcase name="b1" classname="com.scp.demo.BTest" time="0"/>
  <testcase name="b3" classname="com.scp.demo.BTest" time="0"/>
  <testcase name="testApp on testApp(com.scp.demo.AppTest)" classname="com.scp.demo.AppTest" time="0"/>
</testsuite>